app/build/outputs/logs/manifest-merger-debug-report.txt
-- Merging decision tree log ---
manifest
ADDED from src\main\AndroidManifest.xml:2:1-48:12
	package
		ADDED from src\main\AndroidManifest.xml:3:5-35
		INJECTED from src\main\AndroidManifest.xml
		INJECTED from src\main\AndroidManifest.xml
	android:versionName
		ADDED from src\main\AndroidManifest.xml:5:5-30
		INJECTED from src\main\AndroidManifest.xml
		INJECTED from src\main\AndroidManifest.xml
	android:versionCode
		ADDED from src\main\AndroidManifest.xml:4:5-28
		INJECTED from src\main\AndroidManifest.xml
		INJECTED from src\main\AndroidManifest.xml
	xmlns:android
		ADDED from src\main\AndroidManifest.xml:2:11-69
uses-sdk
ADDED from src\main\AndroidManifest.xml:7:5-9:41
	android:targetSdkVersion
		ADDED from src\main\AndroidManifest.xml:9:9-38
		INJECTED from src\main\AndroidManifest.xml
		INJECTED from src\main\AndroidManifest.xml
	android:minSdkVersion
		ADDED from src\main\AndroidManifest.xml:8:9-35
		INJECTED from src\main\AndroidManifest.xml
		INJECTED from src\main\AndroidManifest.xml
uses-permission#android.permission.INTERNET
ADDED from src\main\AndroidManifest.xml:11:5-67
	android:name
		ADDED from src\main\AndroidManifest.xml:11:22-64
uses-permission#android.permission.CAMERA
ADDED from src\main\AndroidManifest.xml:12:5-65
	android:name
		ADDED from src\main\AndroidManifest.xml:12:22-62
uses-permission#android.permission.RECORD_AUDIO
ADDED from src\main\AndroidManifest.xml:13:5-71
	android:name
		ADDED from src\main\AndroidManifest.xml:13:22-68
uses-permission#android.permission.MODIFY_AUDIO_SETTINGS
ADDED from src\main\AndroidManifest.xml:14:5-80
	android:name
		ADDED from src\main\AndroidManifest.xml:14:22-77
uses-permission#android.permission.PROCESS_OUTGOING_CALLS
ADDED from src\main\AndroidManifest.xml:15:5-81
	android:name
		ADDED from src\main\AndroidManifest.xml:15:22-78
uses-permission#android.permission.WRITE_SETTINGS
ADDED from src\main\AndroidManifest.xml:16:5-73
	android:name
		ADDED from src\main\AndroidManifest.xml:16:22-70
uses-permission#android.permission.READ_PHONE_STATE
ADDED from src\main\AndroidManifest.xml:17:5-75
	android:name
		ADDED from src\main\AndroidManifest.xml:17:22-72
uses-permission#android.permission.ACCESS_WIFI_STATE
ADDED from src\main\AndroidManifest.xml:18:5-76
	android:name
		ADDED from src\main\AndroidManifest.xml:18:22-73
uses-permission#android.permission.ACCESS_NETWORK_STATE
ADDED from src\main\AndroidManifest.xml:19:5-79
	android:name
		ADDED from src\main\AndroidManifest.xml:19:22-76
uses-permission#android.permission.WAKE_LOCK
ADDED from src\main\AndroidManifest.xml:20:5-68
	android:name
		ADDED from src\main\AndroidManifest.xml:20:22-65
uses-permission#android.permission.VIBRATE
ADDED from src\main\AndroidManifest.xml:21:5-66
	android:name
		ADDED from src\main\AndroidManifest.xml:21:22-63
uses-permission#android.permission.READ_LOGS
ADDED from src\main\AndroidManifest.xml:22:5-68
	android:name
		ADDED from src\main\AndroidManifest.xml:22:22-65
uses-permission#android.permission.WRITE_EXTERNAL_STORAGE
ADDED from src\main\AndroidManifest.xml:23:5-81
	android:name
		ADDED from src\main\AndroidManifest.xml:23:22-78
uses-feature#0x00020000
ADDED from src\main\AndroidManifest.xml:25:5-79
	android:glEsVersion
		ADDED from src\main\AndroidManifest.xml:25:19-51
	android:required
		ADDED from src\main\AndroidManifest.xml:25:52-76
application
ADDED from src\main\AndroidManifest.xml:27:5-46:19
	android:label
		ADDED from src\main\AndroidManifest.xml:30:9-41
	android:allowBackup
		ADDED from src\main\AndroidManifest.xml:28:9-35
	android:icon
		ADDED from src\main\AndroidManifest.xml:29:9-45
	android:theme
		ADDED from src\main\AndroidManifest.xml:31:9-40
activity#org.pjsip.pjsua2.app.MainActivity
ADDED from src\main\AndroidManifest.xml:32:9-40:20
	android:label
		ADDED from src\main\AndroidManifest.xml:34:13-45
	android:name
		ADDED from src\main\AndroidManifest.xml:33:13-61
intent-filter#android.intent.action.MAIN+android.intent.category.LAUNCHER
ADDED from src\main\AndroidManifest.xml:35:13-39:29
action#android.intent.action.MAIN
ADDED from src\main\AndroidManifest.xml:36:17-69
	android:name
		ADDED from src\main\AndroidManifest.xml:36:25-66
category#android.intent.category.LAUNCHER
ADDED from src\main\AndroidManifest.xml:38:17-77
	android:name
		ADDED from src\main\AndroidManifest.xml:38:27-74
activity#org.pjsip.pjsua2.app.CallActivity
ADDED from src\main\AndroidManifest.xml:41:9-45:20
	android:label
		ADDED from src\main\AndroidManifest.xml:44:13-56
	android:configChanges
		ADDED from src\main\AndroidManifest.xml:43:13-74
	android:name
		ADDED from src\main\AndroidManifest.xml:42:13-61